=========================== short test summary info ============================
FAILED tests/unit/parsers/test_go_parser_comprehensive.py::TestGoParserComprehensive::test_microservice_api_parsing
FAILED tests/unit/parsers/test_go_parser_comprehensive.py::TestGoParserComprehensive::test_concurrent_patterns_parsing
FAILED tests/unit/parsers/test_go_parser_comprehensive.py::TestGoParserComprehensive::test_basic_go_constructs
FAILED tests/unit/parsers/test_go_parser_comprehensive.py::TestGoParserComprehensive::test_generic_go_features
FAILED tests/unit/parsers/test_go_parser_comprehensive.py::TestGoParserComprehensive::test_interface_and_embedding
FAILED tests/unit/parsers/test_go_parser_comprehensive.py::TestGoParserComprehensive::test_error_handling_patterns
FAILED tests/unit/parsers/test_go_parser_comprehensive.py::TestGoParserComprehensive::test_fallback_behavior_broken_go
FAILED tests/unit/parsers/test_go_parser_comprehensive.py::TestGoParserComprehensive::test_integration_with_semantic_chunker
FAILED tests/unit/parsers/test_go_semantic_parser.py::TestGoSemanticParser::test_go_function_chunking
FAILED tests/unit/parsers/test_go_semantic_parser.py::TestGoSemanticParser::test_go_struct_chunking
FAILED tests/unit/parsers/test_go_semantic_parser.py::TestGoSemanticParser::test_go_interface_chunking
FAILED tests/unit/parsers/test_go_semantic_parser.py::TestGoSemanticParser::test_go_method_chunking
FAILED tests/unit/parsers/test_go_semantic_parser.py::TestGoSemanticParser::test_go_type_alias_chunking
FAILED tests/unit/parsers/test_go_semantic_parser.py::TestGoSemanticParser::test_go_package_and_imports
FAILED tests/unit/parsers/test_go_semantic_parser.py::TestGoSemanticParser::test_go_generic_functions
FAILED tests/unit/parsers/test_go_semantic_parser.py::TestGoSemanticParser::test_go_constants_and_variables
FAILED tests/unit/parsers/test_go_semantic_parser.py::TestGoSemanticParserIntegration::test_go_integration_with_semantic_chunker
FAILED tests/unit/parsers/test_go_semantic_parser.py::TestGoSemanticParserIntegration::test_go_fallback_integration
FAILED tests/unit/parsers/test_java_parser_comprehensive.py::TestJavaParserComprehensive::test_basic_java_constructs
FAILED tests/unit/parsers/test_java_parser_comprehensive.py::TestJavaParserComprehensive::test_edge_cases
FAILED tests/unit/parsers/test_java_semantic_parser.py::TestJavaSemanticParser::test_java_class_chunking
FAILED tests/unit/parsers/test_java_semantic_parser.py::TestJavaSemanticParser::test_java_interface_chunking
FAILED tests/unit/parsers/test_java_semantic_parser.py::TestJavaSemanticParser::test_java_enum_chunking
FAILED tests/unit/parsers/test_java_semantic_parser.py::TestJavaSemanticParser::test_java_abstract_class_chunking
FAILED tests/unit/parsers/test_java_semantic_parser.py::TestJavaSemanticParser::test_java_generic_class_chunking
FAILED tests/unit/parsers/test_java_semantic_parser.py::TestJavaSemanticParser::test_java_annotation_chunking
FAILED tests/unit/parsers/test_java_semantic_parser.py::TestJavaSemanticParser::test_java_package_handling
FAILED tests/unit/parsers/test_java_semantic_parser.py::TestJavaSemanticParserIntegration::test_java_fallback_integration
FAILED tests/unit/parsers/test_javascript_parser_comprehensive.py::TestJavaScriptParserComprehensive::test_modern_react_app_parsing
FAILED tests/unit/parsers/test_javascript_parser_comprehensive.py::TestJavaScriptParserComprehensive::test_es6_features
FAILED tests/unit/parsers/test_javascript_parser_comprehensive.py::TestJavaScriptParserComprehensive::test_react_hooks_and_components
FAILED tests/unit/parsers/test_javascript_parser_comprehensive.py::TestJavaScriptParserComprehensive::test_class_components
FAILED tests/unit/parsers/test_javascript_parser_comprehensive.py::TestJavaScriptParserComprehensive::test_async_patterns
FAILED tests/unit/parsers/test_javascript_parser_comprehensive.py::TestJavaScriptParserComprehensive::test_edge_cases_and_complex_syntax
FAILED tests/unit/parsers/test_javascript_parser_comprehensive.py::TestJavaScriptParserComprehensive::test_fallback_behavior_broken_javascript
FAILED tests/unit/parsers/test_javascript_parser_comprehensive.py::TestJavaScriptParserComprehensive::test_integration_with_semantic_chunker
FAILED tests/unit/parsers/test_javascript_semantic_parser.py::TestJavaScriptSemanticParser::test_javascript_function_chunking
FAILED tests/unit/parsers/test_javascript_semantic_parser.py::TestJavaScriptSemanticParser::test_javascript_class_chunking
FAILED tests/unit/parsers/test_javascript_semantic_parser.py::TestJavaScriptSemanticParser::test_javascript_react_component_chunking
FAILED tests/unit/parsers/test_javascript_semantic_parser.py::TestJavaScriptSemanticParser::test_javascript_object_method_chunking
FAILED tests/unit/parsers/test_javascript_semantic_parser.py::TestJavaScriptSemanticParser::test_javascript_async_function_chunking
FAILED tests/unit/parsers/test_javascript_semantic_parser.py::TestTypeScriptSemanticParser::test_typescript_class_with_types_chunking
FAILED tests/unit/parsers/test_javascript_semantic_parser.py::TestTypeScriptSemanticParser::test_typescript_decorator_chunking
FAILED tests/unit/parsers/test_kotlin_parser_comprehensive.py::TestKotlinParserComprehensive::test_android_app_parsing
FAILED tests/unit/parsers/test_kotlin_parser_comprehensive.py::TestKotlinParserComprehensive::test_spring_boot_service_parsing
FAILED tests/unit/parsers/test_kotlin_parser_comprehensive.py::TestKotlinParserComprehensive::test_basic_kotlin_constructs
FAILED tests/unit/parsers/test_kotlin_parser_comprehensive.py::TestKotlinParserComprehensive::test_coroutines_and_flow
FAILED tests/unit/parsers/test_kotlin_parser_comprehensive.py::TestKotlinParserComprehensive::test_extension_functions_and_properties
FAILED tests/unit/parsers/test_kotlin_parser_comprehensive.py::TestKotlinParserComprehensive::test_type_system_features
FAILED tests/unit/parsers/test_kotlin_parser_comprehensive.py::TestKotlinParserComprehensive::test_integration_with_semantic_chunker
FAILED tests/unit/parsers/test_kotlin_semantic_parser.py::TestKotlinSemanticParser::test_kotlin_class_chunking
FAILED tests/unit/parsers/test_kotlin_semantic_parser.py::TestKotlinSemanticParser::test_kotlin_data_class_chunking
FAILED tests/unit/parsers/test_kotlin_semantic_parser.py::TestKotlinSemanticParser::test_kotlin_interface_chunking
FAILED tests/unit/parsers/test_kotlin_semantic_parser.py::TestKotlinSemanticParser::test_kotlin_object_chunking
FAILED tests/unit/parsers/test_kotlin_semantic_parser.py::TestKotlinSemanticParser::test_kotlin_sealed_class_chunking
FAILED tests/unit/parsers/test_kotlin_semantic_parser.py::TestKotlinSemanticParser::test_kotlin_generic_class_chunking
FAILED tests/unit/parsers/test_kotlin_semantic_parser.py::TestKotlinSemanticParser::test_kotlin_annotation_chunking
FAILED tests/unit/parsers/test_kotlin_semantic_parser.py::TestKotlinSemanticParser::test_kotlin_extension_function_chunking
FAILED tests/unit/parsers/test_kotlin_semantic_parser.py::TestKotlinSemanticParser::test_kotlin_coroutine_chunking
FAILED tests/unit/parsers/test_kotlin_semantic_parser.py::TestKotlinSemanticParser::test_kotlin_property_with_accessors_chunking
FAILED tests/unit/parsers/test_kotlin_semantic_parser.py::TestKotlinSemanticParser::test_kotlin_inner_class_chunking
FAILED tests/unit/parsers/test_kotlin_semantic_parser.py::TestKotlinSemanticParser::test_kotlin_enum_class_chunking
FAILED tests/unit/parsers/test_kotlin_semantic_parser.py::TestKotlinSemanticParser::test_kotlin_inline_class_chunking
FAILED tests/unit/parsers/test_kotlin_semantic_parser.py::TestKotlinSemanticParser::test_kotlin_package_handling
FAILED tests/unit/parsers/test_kotlin_semantic_parser.py::TestKotlinSemanticParser::test_kotlin_expression_functions
FAILED tests/unit/parsers/test_kotlin_semantic_parser.py::TestKotlinSemanticParserIntegration::test_kotlin_integration_with_semantic_chunker
FAILED tests/unit/parsers/test_kotlin_semantic_parser.py::TestKotlinSemanticParserIntegration::test_kotlin_fallback_integration
FAILED tests/unit/parsers/test_python_semantic_parser.py::TestPythonSemanticParser::test_simple_function_chunking
FAILED tests/unit/parsers/test_python_semantic_parser.py::TestPythonSemanticParser::test_class_chunking
FAILED tests/unit/parsers/test_python_semantic_parser.py::TestPythonSemanticParser::test_module_level_code_chunking
FAILED tests/unit/parsers/test_python_semantic_parser.py::TestPythonSemanticParser::test_async_function_chunking
FAILED tests/unit/parsers/test_python_semantic_parser.py::TestPythonSemanticParser::test_decorated_function_chunking
FAILED tests/unit/parsers/test_python_semantic_parser.py::TestPythonSemanticParser::test_nested_class_chunking
FAILED tests/unit/parsers/test_python_semantic_parser.py::TestPythonSemanticParser::test_large_class_splitting
FAILED tests/unit/parsers/test_python_semantic_parser.py::TestPythonSemanticParser::test_private_method_detection
FAILED tests/unit/parsers/test_typescript_parser_comprehensive.py::TestTypeScriptParserComprehensive::test_enterprise_application_parsing
FAILED tests/unit/parsers/test_typescript_parser_comprehensive.py::TestTypeScriptParserComprehensive::test_react_component_parsing
FAILED tests/unit/parsers/test_typescript_parser_comprehensive.py::TestTypeScriptParserComprehensive::test_advanced_type_system
FAILED tests/unit/parsers/test_typescript_parser_comprehensive.py::TestTypeScriptParserComprehensive::test_decorators_and_metadata
FAILED tests/unit/parsers/test_typescript_parser_comprehensive.py::TestTypeScriptParserComprehensive::test_async_await_and_promises
FAILED tests/unit/chunking/test_chunk_content_integrity.py::TestChunkContentIntegrity::test_semantic_chunker_error_handling_integrity
FAILED tests/unit/chunking/test_semantic_chunker.py::TestSemanticChunkerInfrastructure::test_semantic_chunker_language_support
=========== 82 failed, 454 passed, 3 skipped, 7 deselected in 25.31s ===========
[0;31m‚ùå Unit tests failed[0m
